{"D:\\项目\\开源项目\\ontology-scenario\\frontend\\src\\components\\EmptyState\\index.css": {"path":"D:\\项目\\开源项目\\ontology-scenario\\frontend\\src\\components\\EmptyState\\index.css","statementMap":{},"fnMap":{},"branchMap":{},"s":{},"f":{},"b":{},"meta":{"lastBranch":0,"lastFunction":0,"lastStatement":0,"seen":{}}}
,"D:\\项目\\开源项目\\ontology-scenario\\frontend\\src\\components\\EmptyState\\index.tsx": {"path":"D:\\项目\\开源项目\\ontology-scenario\\frontend\\src\\components\\EmptyState\\index.tsx","statementMap":{"0":{"start":{"line":12,"column":6},"end":{"line":33,"column":null}},"1":{"start":{"line":18,"column":2},"end":{"line":33,"column":null}}},"fnMap":{"0":{"name":"(anonymous_0)","decl":{"start":{"line":12,"column":6},"end":{"line":12,"column":20}},"loc":{"start":{"line":17,"column":23},"end":{"line":33,"column":null}},"line":17}},"branchMap":{"0":{"loc":{"start":{"line":14,"column":2},"end":{"line":14,"column":null}},"type":"default-arg","locations":[{"start":{"line":14,"column":10},"end":{"line":14,"column":null}}],"line":14},"1":{"loc":{"start":{"line":21,"column":15},"end":{"line":21,"column":null}},"type":"binary-expr","locations":[{"start":{"line":21,"column":15},"end":{"line":21,"column":23}},{"start":{"line":21,"column":23},"end":{"line":21,"column":null}}],"line":21},"2":{"loc":{"start":{"line":25,"column":13},"end":{"line":26,"column":null}},"type":"binary-expr","locations":[{"start":{"line":25,"column":13},"end":{"line":25,"column":null}},{"start":{"line":26,"column":14},"end":{"line":26,"column":null}}],"line":25}},"s":{"0":1,"1":6},"f":{"0":6},"b":{"0":[6],"1":[6,5],"2":[6,1]},"meta":{"lastBranch":3,"lastFunction":1,"lastStatement":2,"seen":{"s:12:6:33:Infinity":0,"f:12:6:12:20":0,"b:14:10:14:Infinity":0,"s:18:2:33:Infinity":1,"b:21:15:21:23:21:23:21:Infinity":1,"b:25:13:25:Infinity:26:14:26:Infinity":2}}}
,"D:\\项目\\开源项目\\ontology-scenario\\frontend\\src\\components\\Loading\\index.css": {"path":"D:\\项目\\开源项目\\ontology-scenario\\frontend\\src\\components\\Loading\\index.css","statementMap":{},"fnMap":{},"branchMap":{},"s":{},"f":{},"b":{},"meta":{"lastBranch":0,"lastFunction":0,"lastStatement":0,"seen":{}}}
,"D:\\项目\\开源项目\\ontology-scenario\\frontend\\src\\components\\Loading\\index.tsx": {"path":"D:\\项目\\开源项目\\ontology-scenario\\frontend\\src\\components\\Loading\\index.tsx","statementMap":{"0":{"start":{"line":11,"column":6},"end":{"line":22,"column":null}},"1":{"start":{"line":12,"column":18},"end":{"line":12,"column":null}},"2":{"start":{"line":14,"column":2},"end":{"line":18,"column":null}},"3":{"start":{"line":15,"column":4},"end":{"line":18,"column":null}},"4":{"start":{"line":22,"column":2},"end":{"line":22,"column":null}}},"fnMap":{"0":{"name":"(anonymous_0)","decl":{"start":{"line":11,"column":6},"end":{"line":11,"column":17}},"loc":{"start":{"line":11,"column":92},"end":{"line":22,"column":null}},"line":11}},"branchMap":{"0":{"loc":{"start":{"line":11,"column":19},"end":{"line":11,"column":35}},"type":"default-arg","locations":[{"start":{"line":11,"column":25},"end":{"line":11,"column":35}}],"line":11},"1":{"loc":{"start":{"line":11,"column":35},"end":{"line":11,"column":53}},"type":"default-arg","locations":[{"start":{"line":11,"column":42},"end":{"line":11,"column":53}}],"line":11},"2":{"loc":{"start":{"line":11,"column":53},"end":{"line":11,"column":92}},"type":"default-arg","locations":[{"start":{"line":11,"column":66},"end":{"line":11,"column":92}}],"line":11},"3":{"loc":{"start":{"line":12,"column":54},"end":{"line":12,"column":106}},"type":"cond-expr","locations":[{"start":{"line":12,"column":73},"end":{"line":12,"column":78}},{"start":{"line":12,"column":78},"end":{"line":12,"column":106}}],"line":12},"4":{"loc":{"start":{"line":12,"column":78},"end":{"line":12,"column":106}},"type":"cond-expr","locations":[{"start":{"line":12,"column":97},"end":{"line":12,"column":102}},{"start":{"line":12,"column":102},"end":{"line":12,"column":106}}],"line":12},"5":{"loc":{"start":{"line":14,"column":2},"end":{"line":18,"column":null}},"type":"if","locations":[{"start":{"line":14,"column":2},"end":{"line":18,"column":null}},{"start":{},"end":{}}],"line":14}},"s":{"0":1,"1":8,"2":8,"3":1,"4":7},"f":{"0":8},"b":{"0":[8],"1":[8],"2":[8],"3":[1,7],"4":[1,6],"5":[1,7]},"meta":{"lastBranch":6,"lastFunction":1,"lastStatement":5,"seen":{"s:11:6:22:Infinity":0,"f:11:6:11:17":0,"b:11:25:11:35":0,"b:11:42:11:53":1,"b:11:66:11:92":2,"s:12:18:12:Infinity":1,"b:12:73:12:78:12:78:12:106":3,"b:12:97:12:102:12:102:12:106":4,"b:14:2:18:Infinity:undefined:undefined:undefined:undefined":5,"s:14:2:18:Infinity":2,"s:15:4:18:Infinity":3,"s:22:2:22:Infinity":4}}}
,"D:\\项目\\开源项目\\ontology-scenario\\frontend\\src\\hooks\\usePDFViewer.ts": {"path":"D:\\项目\\开源项目\\ontology-scenario\\frontend\\src\\hooks\\usePDFViewer.ts","statementMap":{"0":{"start":{"line":5,"column":0},"end":{"line":5,"column":null}},"1":{"start":{"line":13,"column":13},"end":{"line":85,"column":null}},"2":{"start":{"line":14,"column":46},"end":{"line":14,"column":null}},"3":{"start":{"line":15,"column":22},"end":{"line":15,"column":88}},"4":{"start":{"line":16,"column":19},"end":{"line":16,"column":45}},"5":{"start":{"line":17,"column":22},"end":{"line":17,"column":51}},"6":{"start":{"line":18,"column":16},"end":{"line":18,"column":41}},"7":{"start":{"line":19,"column":18},"end":{"line":19,"column":47}},"8":{"start":{"line":22,"column":8},"end":{"line":40,"column":39}},"9":{"start":{"line":23,"column":4},"end":{"line":23,"column":null}},"10":{"start":{"line":24,"column":4},"end":{"line":38,"column":null}},"11":{"start":{"line":25,"column":26},"end":{"line":25,"column":51}},"12":{"start":{"line":26,"column":18},"end":{"line":26,"column":null}},"13":{"start":{"line":27,"column":6},"end":{"line":27,"column":null}},"14":{"start":{"line":28,"column":6},"end":{"line":28,"column":null}},"15":{"start":{"line":29,"column":6},"end":{"line":30,"column":null}},"16":{"start":{"line":30,"column":8},"end":{"line":30,"column":null}},"17":{"start":{"line":33,"column":6},"end":{"line":33,"column":null}},"18":{"start":{"line":34,"column":6},"end":{"line":35,"column":null}},"19":{"start":{"line":35,"column":8},"end":{"line":35,"column":null}},"20":{"start":{"line":38,"column":6},"end":{"line":38,"column":null}},"21":{"start":{"line":43,"column":8},"end":{"line":47,"column":16}},"22":{"start":{"line":44,"column":4},"end":{"line":45,"column":null}},"23":{"start":{"line":45,"column":6},"end":{"line":45,"column":null}},"24":{"start":{"line":50,"column":8},"end":{"line":52,"column":29}},"25":{"start":{"line":51,"column":4},"end":{"line":51,"column":null}},"26":{"start":{"line":55,"column":8},"end":{"line":57,"column":29}},"27":{"start":{"line":56,"column":4},"end":{"line":56,"column":null}},"28":{"start":{"line":60,"column":8},"end":{"line":62,"column":8}},"29":{"start":{"line":61,"column":4},"end":{"line":61,"column":null}},"30":{"start":{"line":61,"column":21},"end":{"line":61,"column":46}},"31":{"start":{"line":64,"column":8},"end":{"line":66,"column":8}},"32":{"start":{"line":65,"column":4},"end":{"line":65,"column":null}},"33":{"start":{"line":65,"column":21},"end":{"line":65,"column":46}},"34":{"start":{"line":68,"column":8},"end":{"line":70,"column":8}},"35":{"start":{"line":69,"column":4},"end":{"line":69,"column":null}},"36":{"start":{"line":72,"column":2},"end":{"line":85,"column":null}}},"fnMap":{"0":{"name":"(anonymous_0)","decl":{"start":{"line":13,"column":13},"end":{"line":13,"column":29}},"loc":{"start":{"line":13,"column":62},"end":{"line":85,"column":null}},"line":13},"1":{"name":"(anonymous_1)","decl":{"start":{"line":22,"column":35},"end":{"line":22,"column":47}},"loc":{"start":{"line":22,"column":47},"end":{"line":40,"column":6}},"line":22},"2":{"name":"(anonymous_2)","decl":{"start":{"line":43,"column":19},"end":{"line":43,"column":32}},"loc":{"start":{"line":43,"column":52},"end":{"line":47,"column":6}},"line":43},"3":{"name":"(anonymous_3)","decl":{"start":{"line":50,"column":23},"end":{"line":50,"column":41}},"loc":{"start":{"line":50,"column":41},"end":{"line":52,"column":6}},"line":50},"4":{"name":"(anonymous_4)","decl":{"start":{"line":55,"column":19},"end":{"line":55,"column":37}},"loc":{"start":{"line":55,"column":37},"end":{"line":57,"column":6}},"line":55},"5":{"name":"(anonymous_5)","decl":{"start":{"line":60,"column":17},"end":{"line":60,"column":35}},"loc":{"start":{"line":60,"column":35},"end":{"line":62,"column":7}},"line":60},"6":{"name":"(anonymous_6)","decl":{"start":{"line":61,"column":4},"end":{"line":61,"column":13}},"loc":{"start":{"line":61,"column":21},"end":{"line":61,"column":46}},"line":61},"7":{"name":"(anonymous_7)","decl":{"start":{"line":64,"column":18},"end":{"line":64,"column":36}},"loc":{"start":{"line":64,"column":36},"end":{"line":66,"column":7}},"line":64},"8":{"name":"(anonymous_8)","decl":{"start":{"line":65,"column":4},"end":{"line":65,"column":13}},"loc":{"start":{"line":65,"column":21},"end":{"line":65,"column":46}},"line":65},"9":{"name":"(anonymous_9)","decl":{"start":{"line":68,"column":20},"end":{"line":68,"column":38}},"loc":{"start":{"line":68,"column":38},"end":{"line":70,"column":7}},"line":68}},"branchMap":{"0":{"loc":{"start":{"line":29,"column":6},"end":{"line":30,"column":null}},"type":"if","locations":[{"start":{"line":29,"column":6},"end":{"line":30,"column":null}},{"start":{},"end":{}}],"line":29},"1":{"loc":{"start":{"line":34,"column":6},"end":{"line":35,"column":null}},"type":"if","locations":[{"start":{"line":34,"column":6},"end":{"line":35,"column":null}},{"start":{},"end":{}}],"line":34},"2":{"loc":{"start":{"line":44,"column":4},"end":{"line":45,"column":null}},"type":"if","locations":[{"start":{"line":44,"column":4},"end":{"line":45,"column":null}},{"start":{},"end":{}}],"line":44},"3":{"loc":{"start":{"line":44,"column":8},"end":{"line":44,"column":45}},"type":"binary-expr","locations":[{"start":{"line":44,"column":8},"end":{"line":44,"column":24}},{"start":{"line":44,"column":24},"end":{"line":44,"column":45}}],"line":44}},"s":{"0":1,"1":1,"2":36,"3":36,"4":36,"5":36,"6":36,"7":36,"8":36,"9":10,"10":10,"11":10,"12":10,"13":9,"14":9,"15":9,"16":1,"17":1,"18":1,"19":1,"20":10,"21":36,"22":20,"23":12,"24":36,"25":1,"26":36,"27":18,"28":36,"29":21,"30":21,"31":36,"32":11,"33":11,"34":36,"35":0,"36":36},"f":{"0":36,"1":10,"2":20,"3":1,"4":18,"5":21,"6":21,"7":11,"8":11,"9":0},"b":{"0":[1,8],"1":[1,0],"2":[12,8],"3":[20,18]},"meta":{"lastBranch":4,"lastFunction":10,"lastStatement":37,"seen":{"s:5:0:5:Infinity":0,"s:13:13:85:Infinity":1,"f:13:13:13:29":0,"s:14:46:14:Infinity":2,"s:15:22:15:88":3,"s:16:19:16:45":4,"s:17:22:17:51":5,"s:18:16:18:41":6,"s:19:18:19:47":7,"s:22:8:40:39":8,"f:22:35:22:47":1,"s:23:4:23:Infinity":9,"s:24:4:38:Infinity":10,"s:25:26:25:51":11,"s:26:18:26:Infinity":12,"s:27:6:27:Infinity":13,"s:28:6:28:Infinity":14,"b:29:6:30:Infinity:undefined:undefined:undefined:undefined":0,"s:29:6:30:Infinity":15,"s:30:8:30:Infinity":16,"s:33:6:33:Infinity":17,"b:34:6:35:Infinity:undefined:undefined:undefined:undefined":1,"s:34:6:35:Infinity":18,"s:35:8:35:Infinity":19,"s:38:6:38:Infinity":20,"s:43:8:47:16":21,"f:43:19:43:32":2,"b:44:4:45:Infinity:undefined:undefined:undefined:undefined":2,"s:44:4:45:Infinity":22,"b:44:8:44:24:44:24:44:45":3,"s:45:6:45:Infinity":23,"s:50:8:52:29":24,"f:50:23:50:41":3,"s:51:4:51:Infinity":25,"s:55:8:57:29":26,"f:55:19:55:37":4,"s:56:4:56:Infinity":27,"s:60:8:62:8":28,"f:60:17:60:35":5,"s:61:4:61:Infinity":29,"f:61:4:61:13":6,"s:61:21:61:46":30,"s:64:8:66:8":31,"f:64:18:64:36":7,"s:65:4:65:Infinity":32,"f:65:4:65:13":8,"s:65:21:65:46":33,"s:68:8:70:8":34,"f:68:20:68:38":9,"s:69:4:69:Infinity":35,"s:72:2:85:Infinity":36}}}
,"D:\\项目\\开源项目\\ontology-scenario\\frontend\\src\\utils\\format.ts": {"path":"D:\\项目\\开源项目\\ontology-scenario\\frontend\\src\\utils\\format.ts","statementMap":{"0":{"start":{"line":10,"column":13},"end":{"line":45,"column":null}},"1":{"start":{"line":11,"column":15},"end":{"line":11,"column":35}},"2":{"start":{"line":12,"column":14},"end":{"line":12,"column":24}},"3":{"start":{"line":13,"column":15},"end":{"line":13,"column":45}},"4":{"start":{"line":16,"column":2},"end":{"line":17,"column":null}},"5":{"start":{"line":17,"column":4},"end":{"line":17,"column":null}},"6":{"start":{"line":21,"column":2},"end":{"line":23,"column":null}},"7":{"start":{"line":22,"column":20},"end":{"line":22,"column":50}},"8":{"start":{"line":23,"column":4},"end":{"line":23,"column":null}},"9":{"start":{"line":27,"column":2},"end":{"line":29,"column":null}},"10":{"start":{"line":28,"column":18},"end":{"line":28,"column":53}},"11":{"start":{"line":29,"column":4},"end":{"line":29,"column":null}},"12":{"start":{"line":33,"column":2},"end":{"line":35,"column":null}},"13":{"start":{"line":34,"column":17},"end":{"line":34,"column":57}},"14":{"start":{"line":35,"column":4},"end":{"line":35,"column":null}},"15":{"start":{"line":39,"column":15},"end":{"line":39,"column":33}},"16":{"start":{"line":40,"column":16},"end":{"line":40,"column":60}},"17":{"start":{"line":41,"column":14},"end":{"line":41,"column":53}},"18":{"start":{"line":42,"column":16},"end":{"line":42,"column":56}},"19":{"start":{"line":43,"column":18},"end":{"line":43,"column":60}},"20":{"start":{"line":45,"column":2},"end":{"line":45,"column":null}},"21":{"start":{"line":51,"column":13},"end":{"line":58,"column":null}},"22":{"start":{"line":52,"column":2},"end":{"line":52,"column":null}},"23":{"start":{"line":52,"column":19},"end":{"line":52,"column":null}},"24":{"start":{"line":54,"column":12},"end":{"line":54,"column":null}},"25":{"start":{"line":55,"column":16},"end":{"line":55,"column":null}},"26":{"start":{"line":56,"column":12},"end":{"line":56,"column":53}},"27":{"start":{"line":58,"column":2},"end":{"line":58,"column":null}},"28":{"start":{"line":64,"column":13},"end":{"line":80,"column":null}},"29":{"start":{"line":65,"column":74},"end":{"line":65,"column":null}},"30":{"start":{"line":68,"column":14},"end":{"line":68,"column":null}},"31":{"start":{"line":71,"column":2},"end":{"line":71,"column":null}},"32":{"start":{"line":74,"column":2},"end":{"line":74,"column":null}},"33":{"start":{"line":77,"column":2},"end":{"line":77,"column":null}},"34":{"start":{"line":80,"column":2},"end":{"line":80,"column":null}},"35":{"start":{"line":86,"column":13},"end":{"line":96,"column":null}},"36":{"start":{"line":87,"column":18},"end":{"line":94,"column":null}},"37":{"start":{"line":96,"column":2},"end":{"line":96,"column":null}},"38":{"start":{"line":102,"column":13},"end":{"line":116,"column":null}},"39":{"start":{"line":103,"column":42},"end":{"line":111,"column":null}},"40":{"start":{"line":113,"column":17},"end":{"line":113,"column":null}},"41":{"start":{"line":114,"column":17},"end":{"line":114,"column":null}},"42":{"start":{"line":116,"column":2},"end":{"line":116,"column":null}}},"fnMap":{"0":{"name":"(anonymous_0)","decl":{"start":{"line":10,"column":13},"end":{"line":10,"column":27}},"loc":{"start":{"line":10,"column":58},"end":{"line":45,"column":null}},"line":10},"1":{"name":"(anonymous_1)","decl":{"start":{"line":51,"column":13},"end":{"line":51,"column":31}},"loc":{"start":{"line":51,"column":57},"end":{"line":58,"column":null}},"line":51},"2":{"name":"(anonymous_2)","decl":{"start":{"line":64,"column":13},"end":{"line":64,"column":38}},"loc":{"start":{"line":64,"column":71},"end":{"line":80,"column":null}},"line":64},"3":{"name":"(anonymous_3)","decl":{"start":{"line":86,"column":13},"end":{"line":86,"column":32}},"loc":{"start":{"line":86,"column":54},"end":{"line":96,"column":null}},"line":86},"4":{"name":"(anonymous_4)","decl":{"start":{"line":102,"column":13},"end":{"line":102,"column":35}},"loc":{"start":{"line":102,"column":86},"end":{"line":116,"column":null}},"line":102}},"branchMap":{"0":{"loc":{"start":{"line":16,"column":2},"end":{"line":17,"column":null}},"type":"if","locations":[{"start":{"line":16,"column":2},"end":{"line":17,"column":null}},{"start":{},"end":{}}],"line":16},"1":{"loc":{"start":{"line":21,"column":2},"end":{"line":23,"column":null}},"type":"if","locations":[{"start":{"line":21,"column":2},"end":{"line":23,"column":null}},{"start":{},"end":{}}],"line":21},"2":{"loc":{"start":{"line":27,"column":2},"end":{"line":29,"column":null}},"type":"if","locations":[{"start":{"line":27,"column":2},"end":{"line":29,"column":null}},{"start":{},"end":{}}],"line":27},"3":{"loc":{"start":{"line":33,"column":2},"end":{"line":35,"column":null}},"type":"if","locations":[{"start":{"line":33,"column":2},"end":{"line":35,"column":null}},{"start":{},"end":{}}],"line":33},"4":{"loc":{"start":{"line":52,"column":2},"end":{"line":52,"column":null}},"type":"if","locations":[{"start":{"line":52,"column":2},"end":{"line":52,"column":null}},{"start":{},"end":{}}],"line":52},"5":{"loc":{"start":{"line":96,"column":9},"end":{"line":96,"column":null}},"type":"binary-expr","locations":[{"start":{"line":96,"column":9},"end":{"line":96,"column":28}},{"start":{"line":96,"column":28},"end":{"line":96,"column":null}}],"line":96},"6":{"loc":{"start":{"line":113,"column":17},"end":{"line":113,"column":null}},"type":"binary-expr","locations":[{"start":{"line":113,"column":17},"end":{"line":113,"column":40}},{"start":{"line":113,"column":40},"end":{"line":113,"column":null}}],"line":113},"7":{"loc":{"start":{"line":114,"column":17},"end":{"line":114,"column":null}},"type":"binary-expr","locations":[{"start":{"line":114,"column":17},"end":{"line":114,"column":40}},{"start":{"line":114,"column":40},"end":{"line":114,"column":null}}],"line":114}},"s":{"0":1,"1":5,"2":5,"3":5,"4":5,"5":1,"6":4,"7":1,"8":1,"9":3,"10":1,"11":1,"12":2,"13":1,"14":1,"15":1,"16":1,"17":1,"18":1,"19":1,"20":1,"21":1,"22":8,"23":1,"24":7,"25":7,"26":7,"27":7,"28":1,"29":6,"30":6,"31":6,"32":6,"33":6,"34":6,"35":1,"36":7,"37":7,"38":1,"39":8,"40":8,"41":8,"42":8},"f":{"0":5,"1":8,"2":6,"3":7,"4":8},"b":{"0":[1,4],"1":[1,3],"2":[1,2],"3":[1,1],"4":[1,7],"5":[7,1],"6":[8,1],"7":[8,1]},"meta":{"lastBranch":8,"lastFunction":5,"lastStatement":43,"seen":{"s:10:13:45:Infinity":0,"f:10:13:10:27":0,"s:11:15:11:35":1,"s:12:14:12:24":2,"s:13:15:13:45":3,"b:16:2:17:Infinity:undefined:undefined:undefined:undefined":0,"s:16:2:17:Infinity":4,"s:17:4:17:Infinity":5,"b:21:2:23:Infinity:undefined:undefined:undefined:undefined":1,"s:21:2:23:Infinity":6,"s:22:20:22:50":7,"s:23:4:23:Infinity":8,"b:27:2:29:Infinity:undefined:undefined:undefined:undefined":2,"s:27:2:29:Infinity":9,"s:28:18:28:53":10,"s:29:4:29:Infinity":11,"b:33:2:35:Infinity:undefined:undefined:undefined:undefined":3,"s:33:2:35:Infinity":12,"s:34:17:34:57":13,"s:35:4:35:Infinity":14,"s:39:15:39:33":15,"s:40:16:40:60":16,"s:41:14:41:53":17,"s:42:16:42:56":18,"s:43:18:43:60":19,"s:45:2:45:Infinity":20,"s:51:13:58:Infinity":21,"f:51:13:51:31":1,"b:52:2:52:Infinity:undefined:undefined:undefined:undefined":4,"s:52:2:52:Infinity":22,"s:52:19:52:Infinity":23,"s:54:12:54:Infinity":24,"s:55:16:55:Infinity":25,"s:56:12:56:53":26,"s:58:2:58:Infinity":27,"s:64:13:80:Infinity":28,"f:64:13:64:38":2,"s:65:74:65:Infinity":29,"s:68:14:68:Infinity":30,"s:71:2:71:Infinity":31,"s:74:2:74:Infinity":32,"s:77:2:77:Infinity":33,"s:80:2:80:Infinity":34,"s:86:13:96:Infinity":35,"f:86:13:86:32":3,"s:87:18:94:Infinity":36,"s:96:2:96:Infinity":37,"b:96:9:96:28:96:28:96:Infinity":5,"s:102:13:116:Infinity":38,"f:102:13:102:35":4,"s:103:42:111:Infinity":39,"s:113:17:113:Infinity":40,"b:113:17:113:40:113:40:113:Infinity":6,"s:114:17:114:Infinity":41,"b:114:17:114:40:114:40:114:Infinity":7,"s:116:2:116:Infinity":42}}}
}
